0:0:0:0:0:0:0:1 - - [21/Nov/2018:10:57:22 +0530] "GET / HTTP/1.1" 401 344
0:0:0:0:0:0:0:1 - - [21/Nov/2018:10:57:30 +0530] "GET / HTTP/1.1" 200 3739
0:0:0:0:0:0:0:1 - - [21/Nov/2018:10:57:31 +0530] "GET /css/bootstrap.css HTTP/1.1" 200 165226
0:0:0:0:0:0:0:1 - - [21/Nov/2018:10:57:31 +0530] "GET /css/app.css HTTP/1.1" 200 654
0:0:0:0:0:0:0:1 - - [21/Nov/2018:10:57:31 +0530] "GET /js/app.js HTTP/1.1" 200 171
0:0:0:0:0:0:0:1 - - [21/Nov/2018:10:57:31 +0530] "GET /js/interceptor/authInterceptor.js HTTP/1.1" 200 441
0:0:0:0:0:0:0:1 - - [21/Nov/2018:10:57:31 +0530] "GET /js/service/user_service.js HTTP/1.1" 200 2226
0:0:0:0:0:0:0:1 - - [21/Nov/2018:10:57:31 +0530] "GET /js/controller/user_controller.js HTTP/1.1" 200 2407
0:0:0:0:0:0:0:1 - - [21/Nov/2018:10:57:37 +0530] "GET /favicon.ico HTTP/1.1" 200 946
0:0:0:0:0:0:0:1 - - [21/Nov/2018:10:57:37 +0530] "GET /api/v1/objects/ HTTP/1.1" 204 -
0:0:0:0:0:0:0:1 - - [21/Nov/2018:11:00:54 +0530] "GET / HTTP/1.1" 200 3739
0:0:0:0:0:0:0:1 - - [21/Nov/2018:11:00:55 +0530] "GET /js/app.js HTTP/1.1" 200 171
0:0:0:0:0:0:0:1 - - [21/Nov/2018:11:00:55 +0530] "GET /css/app.css HTTP/1.1" 200 654
0:0:0:0:0:0:0:1 - - [21/Nov/2018:11:00:55 +0530] "GET /js/service/user_service.js HTTP/1.1" 200 2226
0:0:0:0:0:0:0:1 - - [21/Nov/2018:11:00:55 +0530] "GET /js/controller/user_controller.js HTTP/1.1" 200 2407
0:0:0:0:0:0:0:1 - - [21/Nov/2018:11:00:55 +0530] "GET /js/interceptor/authInterceptor.js HTTP/1.1" 200 441
0:0:0:0:0:0:0:1 - - [21/Nov/2018:11:00:55 +0530] "GET /css/bootstrap.css HTTP/1.1" 200 165226
0:0:0:0:0:0:0:1 - - [21/Nov/2018:11:00:55 +0530] "GET /api/v1/objects/ HTTP/1.1" 204 -
0:0:0:0:0:0:0:1 - - [21/Nov/2018:11:18:14 +0530] "GET / HTTP/1.1" 200 3739
0:0:0:0:0:0:0:1 - - [21/Nov/2018:11:18:15 +0530] "GET /css/bootstrap.css HTTP/1.1" 200 165226
0:0:0:0:0:0:0:1 - - [21/Nov/2018:11:18:15 +0530] "GET /css/app.css HTTP/1.1" 200 654
0:0:0:0:0:0:0:1 - - [21/Nov/2018:11:18:15 +0530] "GET /js/app.js HTTP/1.1" 200 171
0:0:0:0:0:0:0:1 - - [21/Nov/2018:11:18:15 +0530] "GET /js/controller/user_controller.js HTTP/1.1" 200 2407
0:0:0:0:0:0:0:1 - - [21/Nov/2018:11:18:15 +0530] "GET /js/interceptor/authInterceptor.js HTTP/1.1" 200 441
0:0:0:0:0:0:0:1 - - [21/Nov/2018:11:18:15 +0530] "GET /js/service/user_service.js HTTP/1.1" 200 2226
0:0:0:0:0:0:0:1 - - [21/Nov/2018:11:18:15 +0530] "GET /api/v1/objects/ HTTP/1.1" 204 -
0:0:0:0:0:0:0:1 - - [21/Nov/2018:11:18:26 +0530] "POST /api/v1/objects/ HTTP/1.1" 201 45
0:0:0:0:0:0:0:1 - - [21/Nov/2018:11:18:26 +0530] "GET /api/v1/objects/ HTTP/1.1" 200 47
0:0:0:0:0:0:0:1 - - [21/Nov/2018:14:27:14 +0530] "GET / HTTP/1.1" 200 3792
0:0:0:0:0:0:0:1 - - [21/Nov/2018:14:27:15 +0530] "GET /css/bootstrap.css HTTP/1.1" 200 165226
0:0:0:0:0:0:0:1 - - [21/Nov/2018:14:27:15 +0530] "GET /css/app.css HTTP/1.1" 200 654
0:0:0:0:0:0:0:1 - - [21/Nov/2018:14:27:15 +0530] "GET /js/app.js HTTP/1.1" 200 171
0:0:0:0:0:0:0:1 - - [21/Nov/2018:14:27:15 +0530] "GET /js/interceptor/authInterceptor.js HTTP/1.1" 200 441
0:0:0:0:0:0:0:1 - - [21/Nov/2018:14:27:15 +0530] "GET /js/service/user_service.js HTTP/1.1" 200 2223
0:0:0:0:0:0:0:1 - - [21/Nov/2018:14:27:15 +0530] "GET /js/controller/user_controller.js HTTP/1.1" 200 2407
0:0:0:0:0:0:0:1 - - [21/Nov/2018:14:27:15 +0530] "GET /api/v1/user/ HTTP/1.1" 204 -
0:0:0:0:0:0:0:1 - - [21/Nov/2018:14:30:09 +0530] "GET / HTTP/1.1" 200 3815
0:0:0:0:0:0:0:1 - - [21/Nov/2018:14:30:09 +0530] "GET /js/app.js HTTP/1.1" 200 171
0:0:0:0:0:0:0:1 - - [21/Nov/2018:14:30:09 +0530] "GET /css/app.css HTTP/1.1" 200 654
0:0:0:0:0:0:0:1 - - [21/Nov/2018:14:30:09 +0530] "GET /js/controller/user_controller.js HTTP/1.1" 200 2407
0:0:0:0:0:0:0:1 - - [21/Nov/2018:14:30:09 +0530] "GET /js/service/user_service.js HTTP/1.1" 200 2223
0:0:0:0:0:0:0:1 - - [21/Nov/2018:14:30:09 +0530] "GET /js/interceptor/authInterceptor.js HTTP/1.1" 200 441
0:0:0:0:0:0:0:1 - - [21/Nov/2018:14:30:09 +0530] "GET /css/bootstrap.css HTTP/1.1" 200 165226
0:0:0:0:0:0:0:1 - - [21/Nov/2018:14:30:10 +0530] "GET /api/v1/user/ HTTP/1.1" 204 -
0:0:0:0:0:0:0:1 - - [21/Nov/2018:14:30:10 +0530] "GET /favicon.ico HTTP/1.1" 200 946
